# JRE version: OpenJDK Runtime Environment OpenLogic-OpenJDK (17.0.6+10) (build 17.0.6+10-adhoc..jdk17u)
# Java VM: OpenJDK 64-Bit Server VM OpenLogic-OpenJDK (17.0.6+10-adhoc..jdk17u, mixed mode, emulated-client, tiered, compressed oops, compressed class ptrs, g1 gc, windows-amd64)
GC Precious Log:
 CPUs: 8 total, 8 available
 Memory: 16106M
 Large Page Support: Disabled
 NUMA Support: Disabled
 Compressed Oops: Enabled (Zero based)
 Heap Region Size: 2M
 Heap Min Capacity: 8M
 Heap Initial Capacity: 252M
 Heap Max Capacity: 4028M
 Pre-touch: Disabled
 Parallel Workers: 8
 Concurrent Workers: 2
 Concurrent Refinement Workers: 8
 Periodic GC: Disabled
Heap:
 garbage-first heap   total 69632K, used 40593K [0x0000000704400000, 0x0000000800000000)
  region size 2048K, 8 young (16384K), 2 survivors (4096K)
 Metaspace       used 76201K, committed 76736K, reserved 1122304K
  class space    used 10227K, committed 10496K, reserved 1048576K
GC Heap History (20 events):
Event: 4.039 GC heap before
{Heap before GC invocations=10 (full 0):
 garbage-first heap   total 69632K, used 52217K [0x0000000704400000, 0x0000000800000000)
  region size 2048K, 20 young (40960K), 3 survivors (6144K)
 Metaspace       used 41714K, committed 42176K, reserved 1089536K
  class space    used 5664K, committed 5888K, reserved 1048576K
}
Event: 4.046 GC heap after
{Heap after GC invocations=11 (full 0):
 garbage-first heap   total 69632K, used 20133K [0x0000000704400000, 0x0000000800000000)
  region size 2048K, 3 young (6144K), 3 survivors (6144K)
 Metaspace       used 41714K, committed 42176K, reserved 1089536K
  class space    used 5664K, committed 5888K, reserved 1048576K
}
Event: 4.087 GC heap before
{Heap before GC invocations=11 (full 0):
 garbage-first heap   total 69632K, used 22181K [0x0000000704400000, 0x0000000800000000)
  region size 2048K, 4 young (8192K), 3 survivors (6144K)
 Metaspace       used 42292K, committed 42752K, reserved 1089536K
  class space    used 5754K, committed 5952K, reserved 1048576K
}
Event: 4.091 GC heap after
{Heap after GC invocations=12 (full 0):
 garbage-first heap   total 69632K, used 20586K [0x0000000704400000, 0x0000000800000000)
  region size 2048K, 1 young (2048K), 1 survivors (2048K)
 Metaspace       used 42292K, committed 42752K, reserved 1089536K
  class space    used 5754K, committed 5952K, reserved 1048576K
}
Event: 4.504 GC heap before
{Heap before GC invocations=12 (full 0):
 garbage-first heap   total 69632K, used 49258K [0x0000000704400000, 0x0000000800000000)
  region size 2048K, 15 young (30720K), 1 survivors (2048K)
 Metaspace       used 49124K, committed 49664K, reserved 1097728K
  class space    used 6663K, committed 6912K, reserved 1048576K
}
Event: 4.506 GC heap after
{Heap after GC invocations=13 (full 0):
 garbage-first heap   total 69632K, used 22143K [0x0000000704400000, 0x0000000800000000)
  region size 2048K, 2 young (4096K), 2 survivors (4096K)
 Metaspace       used 49124K, committed 49664K, reserved 1097728K
  class space    used 6663K, committed 6912K, reserved 1048576K
}
Event: 4.799 GC heap before
{Heap before GC invocations=13 (full 0):
 garbage-first heap   total 69632K, used 46719K [0x0000000704400000, 0x0000000800000000)
  region size 2048K, 15 young (30720K), 2 survivors (4096K)
 Metaspace       used 53112K, committed 53568K, reserved 1097728K
  class space    used 7183K, committed 7424K, reserved 1048576K
}
Event: 4.801 GC heap after
{Heap after GC invocations=14 (full 0):
 garbage-first heap   total 69632K, used 23365K [0x0000000704400000, 0x0000000800000000)
  region size 2048K, 1 young (2048K), 1 survivors (2048K)
 Metaspace       used 53112K, committed 53568K, reserved 1097728K
  class space    used 7183K, committed 7424K, reserved 1048576K
}
Event: 7.290 GC heap before
{Heap before GC invocations=14 (full 0):
 garbage-first heap   total 69632K, used 52037K [0x0000000704400000, 0x0000000800000000)
  region size 2048K, 15 young (30720K), 1 survivors (2048K)
 Metaspace       used 55417K, committed 55872K, reserved 1097728K
  class space    used 7517K, committed 7744K, reserved 1048576K
}
Event: 7.293 GC heap after
{Heap after GC invocations=15 (full 0):
 garbage-first heap   total 69632K, used 25423K [0x0000000704400000, 0x0000000800000000)
  region size 2048K, 2 young (4096K), 2 survivors (4096K)
 Metaspace       used 55417K, committed 55872K, reserved 1097728K
  class space    used 7517K, committed 7744K, reserved 1048576K
}
Event: 9.820 GC heap before
{Heap before GC invocations=15 (full 0):
 garbage-first heap   total 69632K, used 52047K [0x0000000704400000, 0x0000000800000000)
  region size 2048K, 15 young (30720K), 2 survivors (4096K)
 Metaspace       used 58784K, committed 59264K, reserved 1105920K
  class space    used 7990K, committed 8192K, reserved 1048576K
}
Event: 9.824 GC heap after
{Heap after GC invocations=16 (full 0):
 garbage-first heap   total 69632K, used 27539K [0x0000000704400000, 0x0000000800000000)
  region size 2048K, 2 young (4096K), 2 survivors (4096K)
 Metaspace       used 58784K, committed 59264K, reserved 1105920K
  class space    used 7990K, committed 8192K, reserved 1048576K
}
Event: 9.948 GC heap before
{Heap before GC invocations=16 (full 0):
 garbage-first heap   total 69632K, used 33683K [0x0000000704400000, 0x0000000800000000)
  region size 2048K, 6 young (12288K), 2 survivors (4096K)
 Metaspace       used 59991K, committed 60416K, reserved 1105920K
  class space    used 8174K, committed 8384K, reserved 1048576K
}
Event: 9.950 GC heap after
{Heap after GC invocations=17 (full 0):
 garbage-first heap   total 69632K, used 27773K [0x0000000704400000, 0x0000000800000000)
  region size 2048K, 2 young (4096K), 2 survivors (4096K)
 Metaspace       used 59991K, committed 60416K, reserved 1105920K
  class space    used 8174K, committed 8384K, reserved 1048576K
}
Event: 10.382 GC heap before
{Heap before GC invocations=18 (full 0):
 garbage-first heap   total 69632K, used 50301K [0x0000000704400000, 0x0000000800000000)
  region size 2048K, 14 young (28672K), 2 survivors (4096K)
 Metaspace       used 65244K, committed 65728K, reserved 1105920K
  class space    used 8780K, committed 9024K, reserved 1048576K
}
Event: 10.385 GC heap after
{Heap after GC invocations=19 (full 0):
 garbage-first heap   total 69632K, used 28661K [0x0000000704400000, 0x0000000800000000)
  region size 2048K, 1 young (2048K), 1 survivors (2048K)
 Metaspace       used 65244K, committed 65728K, reserved 1105920K
  class space    used 8780K, committed 9024K, reserved 1048576K
}
Event: 17.982 GC heap before
{Heap before GC invocations=19 (full 0):
 garbage-first heap   total 69632K, used 51189K [0x0000000704400000, 0x0000000800000000)
  region size 2048K, 13 young (26624K), 1 survivors (2048K)
 Metaspace       used 68855K, committed 69376K, reserved 1114112K
  class space    used 9289K, committed 9536K, reserved 1048576K
}
Event: 17.987 GC heap after
{Heap after GC invocations=20 (full 0):
 garbage-first heap   total 69632K, used 30182K [0x0000000704400000, 0x0000000800000000)
  region size 2048K, 2 young (4096K), 2 survivors (4096K)
 Metaspace       used 68855K, committed 69376K, reserved 1114112K
  class space    used 9289K, committed 9536K, reserved 1048576K
}
Event: 19.068 GC heap before
{Heap before GC invocations=20 (full 0):
 garbage-first heap   total 69632K, used 50662K [0x0000000704400000, 0x0000000800000000)
  region size 2048K, 13 young (26624K), 2 survivors (4096K)
 Metaspace       used 73510K, committed 74112K, reserved 1114112K
  class space    used 9949K, committed 10240K, reserved 1048576K
}
Event: 19.074 GC heap after
{Heap after GC invocations=21 (full 0):
 garbage-first heap   total 69632K, used 32401K [0x0000000704400000, 0x0000000800000000)
  region size 2048K, 2 young (4096K), 2 survivors (4096K)
 Metaspace       used 73510K, committed 74112K, reserved 1114112K
  class space    used 9949K, committed 10240K, reserved 1048576K
}

